Сборка начата 13.11.2023 19:03:16.
Уровень детализации журнала: Normal.     1>Проект "D:\Vision Lab\Laba 1 Narkevich\Laba8Nark\Laba8Nark.vcxproj" в узле 2 (целевые объекты Build).
     1>InitializeBuildStatus:
         Создание "Debug\Laba8Nark.tlog\unsuccessfulbuild", так как было задано "AlwaysCreate".
         Обращение к "Debug\Laba8Nark.tlog\unsuccessfulbuild".
       ClCompile:
         C:\Program Files\Microsoft Visual Studio\2022\Community\VC\Tools\MSVC\14.37.32822\bin\HostX86\x86\CL.exe /c /ZI /JMC /nologo /W3 /WX- /diagnostics:column /sdl /Od /Oy- /D WIN32 /D _DEBUG /D _CONSOLE /D _UNICODE /D UNICODE /Gm- /EHsc /RTC1 /MDd /GS /fp:precise /Zc:wchar_t /Zc:forScope /Zc:inline /permissive- /Fo"Debug\\" /Fd"Debug\vc143.pdb" /external:W3 /Gd /TP /analyze- /FC /errorReport:prompt Nomer1.cpp
         Nomer1.cpp
       Link:
         C:\Program Files\Microsoft Visual Studio\2022\Community\VC\Tools\MSVC\14.37.32822\bin\HostX86\x86\link.exe /ERRORREPORT:PROMPT /OUT:"D:\Vision Lab\Laba 1 Narkevich\Laba8Nark\Debug\Laba8Nark.exe" /INCREMENTAL /ILK:"Debug\Laba8Nark.ilk" /NOLOGO kernel32.lib user32.lib gdi32.lib winspool.lib comdlg32.lib advapi32.lib shell32.lib ole32.lib oleaut32.lib uuid.lib odbc32.lib odbccp32.lib /MANIFEST /MANIFESTUAC:"level='asInvoker' uiAccess='false'" /manifest:embed /DEBUG /PDB:"D:\Vision Lab\Laba 1 Narkevich\Laba8Nark\Debug\Laba8Nark.pdb" /SUBSYSTEM:CONSOLE /TLBID:1 /DYNAMICBASE /NXCOMPAT /IMPLIB:"D:\Vision Lab\Laba 1 Narkevich\Laba8Nark\Debug\Laba8Nark.lib" /MACHINE:X86 Debug\getMul.obj
         Debug\getSum.obj
         Debug\Nomer1.obj
         Laba8Nark.vcxproj -> D:\Vision Lab\Laba 1 Narkevich\Laba8Nark\Debug\Laba8Nark.exe
       FinalizeBuildStatus:
         Файл "Debug\Laba8Nark.tlog\unsuccessfulbuild" удаляется.
         Обращение к "Debug\Laba8Nark.tlog\Laba8Nark.lastbuildstate".
     1>Сборка проекта "D:\Vision Lab\Laba 1 Narkevich\Laba8Nark\Laba8Nark.vcxproj" завершена (целевые объекты Build).

Сборка успешно завершена.
    Предупреждений: 0
    Ошибок: 0

Прошло времени 00:00:01.17
