Сборка начата 30.10.2023 19:13:30.
Уровень детализации журнала: Normal.     1>Проект "D:\Vision Lab\Laba 1 Narkevich\laba7Nark\laba7Nark.vcxproj" в узле 2 (целевые объекты Build).
     1>InitializeBuildStatus:
         Создание "x64\Debug\laba7Nark.tlog\unsuccessfulbuild", так как было задано "AlwaysCreate".
         Обращение к "x64\Debug\laba7Nark.tlog\unsuccessfulbuild".
       ClCompile:
         C:\Program Files\Microsoft Visual Studio\2022\Community\VC\Tools\MSVC\14.37.32822\bin\HostX64\x64\CL.exe /c /ZI /JMC /nologo /W3 /WX- /diagnostics:column /sdl /Od /D _DEBUG /D _CONSOLE /D _UNICODE /D UNICODE /Gm- /EHsc /RTC1 /MDd /GS /fp:precise /Zc:wchar_t /Zc:forScope /Zc:inline /permissive- /Fo"x64\Debug\\" /Fd"x64\Debug\vc143.pdb" /external:W3 /Gd /TP /FC /errorReport:prompt case1.cpp case2.cpp case3.cpp nomerok1.cpp
         case1.cpp
         case2.cpp
         case3.cpp
         nomerok1.cpp
         Создание кода...
       Link:
         C:\Program Files\Microsoft Visual Studio\2022\Community\VC\Tools\MSVC\14.37.32822\bin\HostX64\x64\link.exe /ERRORREPORT:PROMPT /OUT:"D:\Vision Lab\Laba 1 Narkevich\laba7Nark\x64\Debug\laba7Nark.exe" /INCREMENTAL /ILK:"x64\Debug\laba7Nark.ilk" /NOLOGO kernel32.lib user32.lib gdi32.lib winspool.lib comdlg32.lib advapi32.lib shell32.lib ole32.lib oleaut32.lib uuid.lib odbc32.lib odbccp32.lib /MANIFEST /MANIFESTUAC:"level='asInvoker' uiAccess='false'" /manifest:embed /DEBUG /PDB:"D:\Vision Lab\Laba 1 Narkevich\laba7Nark\x64\Debug\laba7Nark.pdb" /SUBSYSTEM:CONSOLE /TLBID:1 /DYNAMICBASE /NXCOMPAT /IMPLIB:"D:\Vision Lab\Laba 1 Narkevich\laba7Nark\x64\Debug\laba7Nark.lib" /MACHINE:X64 x64\Debug\case1.obj
         x64\Debug\case2.obj
         x64\Debug\case3.obj
         x64\Debug\nomerok1.obj
         laba7Nark.vcxproj -> D:\Vision Lab\Laba 1 Narkevich\laba7Nark\x64\Debug\laba7Nark.exe
       FinalizeBuildStatus:
         Файл "x64\Debug\laba7Nark.tlog\unsuccessfulbuild" удаляется.
         Обращение к "x64\Debug\laba7Nark.tlog\laba7Nark.lastbuildstate".
     1>Сборка проекта "D:\Vision Lab\Laba 1 Narkevich\laba7Nark\laba7Nark.vcxproj" завершена (целевые объекты Build).

Сборка успешно завершена.
    Предупреждений: 0
    Ошибок: 0

Прошло времени 00:00:02.40
